\BOOKMARK [2][]{Outline0.1}{\376\377\000I\000n\000t\000r\000o\000d\000u\000c\000t\000i\000o\000n}{}% 1
\BOOKMARK [2][]{Outline0.2}{\376\377\000C\000o\000m\000m\000o\000n\000\040\000P\000r\000o\000g\000r\000a\000m\000m\000i\000n\000g\000\040\000C\000o\000n\000c\000e\000p\000t\000s}{}% 2
\BOOKMARK [2][]{Outline0.3}{\376\377\000U\000n\000d\000e\000r\000s\000t\000a\000n\000d\000i\000n\000g\000\040\000O\000w\000n\000e\000r\000s\000h\000i\000p}{}% 3
\BOOKMARK [2][]{Outline0.4}{\376\377\000U\000s\000i\000n\000g\000\040\000S\000t\000r\000u\000c\000t\000s\000\040\000t\000o\000\040\000S\000t\000r\000u\000c\000t\000u\000r\000e\000\040\000R\000e\000l\000a\000t\000e\000d\000\040\000D\000a\000t\000a}{}% 4
\BOOKMARK [2][]{Outline0.5}{\376\377\000E\000n\000u\000m\000s\000\040\000a\000n\000d\000\040\000P\000a\000t\000t\000e\000r\000n\000\040\000M\000a\000t\000c\000h\000i\000n\000g}{}% 5
\BOOKMARK [2][]{Outline0.6}{\376\377\000M\000a\000n\000a\000g\000i\000n\000g\000\040\000P\000r\000o\000j\000e\000c\000t\000s\000\040\000w\000i\000t\000h\000\040\000P\000a\000c\000k\000a\000g\000e\000s\000,\000\040\000C\000r\000a\000t\000e\000s\000,\000\040\000a\000n\000d\000\040\000M\000o\000d\000u\000l\000e\000s}{}% 6
\BOOKMARK [2][]{Outline0.7}{\376\377\000C\000o\000m\000m\000o\000n\000\040\000C\000o\000l\000l\000e\000c\000t\000i\000o\000n\000s}{}% 7
\BOOKMARK [2][]{Outline0.8}{\376\377\000E\000r\000r\000o\000r\000\040\000H\000a\000n\000d\000l\000i\000n\000g}{}% 8
\BOOKMARK [2][]{Outline0.9}{\376\377\000G\000e\000n\000e\000r\000i\000c\000\040\000T\000y\000p\000e\000s\000,\000\040\000T\000r\000a\000i\000t\000s\000,\000\040\000a\000n\000d\000\040\000L\000i\000f\000e\000t\000i\000m\000e\000s}{}% 9
\BOOKMARK [2][]{Outline0.10}{\376\377\000W\000r\000i\000t\000i\000n\000g\000\040\000A\000u\000t\000o\000m\000a\000t\000e\000d\000\040\000T\000e\000s\000t\000s}{}% 10
\BOOKMARK [2][]{Outline0.11}{\376\377\000A\000n\000\040\000I\000/\000O\000\040\000P\000r\000o\000j\000e\000c\000t\000:\000\040\000B\000u\000i\000l\000d\000i\000n\000g\000\040\000a\000\040\000C\000o\000m\000m\000a\000n\000d\000\040\000L\000i\000n\000e\000\040\000P\000r\000o\000g\000r\000a\000m}{}% 11
\BOOKMARK [2][]{Outline0.12}{\376\377\000F\000u\000n\000c\000t\000i\000o\000n\000a\000l\000\040\000L\000a\000n\000g\000u\000a\000g\000e\000\040\000F\000e\000a\000t\000u\000r\000e\000s\000:\000\040\000I\000t\000e\000r\000a\000t\000o\000r\000s\000\040\000a\000n\000d\000\040\000C\000l\000o\000s\000u\000r\000e\000s}{}% 12
\BOOKMARK [2][]{Outline0.13}{\376\377\000M\000o\000r\000e\000\040\000A\000b\000o\000u\000t\000\040\000C\000a\000r\000g\000o\000\040\000a\000n\000d\000\040\000C\000r\000a\000t\000e\000s\000.\000i\000o}{}% 13
\BOOKMARK [2][]{Outline0.14}{\376\377\000S\000m\000a\000r\000t\000\040\000P\000o\000i\000n\000t\000e\000r\000s}{}% 14
\BOOKMARK [2][]{Outline0.15}{\376\377\000F\000e\000a\000r\000l\000e\000s\000s\000\040\000C\000o\000n\000c\000u\000r\000r\000e\000n\000c\000y}{}% 15
\BOOKMARK [2][]{Outline0.16}{\376\377\000O\000b\000j\000e\000c\000t\000-\000O\000r\000i\000e\000n\000t\000e\000d\000\040\000P\000r\000o\000g\000r\000a\000m\000m\000i\000n\000g\000\040\000F\000e\000a\000t\000u\000r\000e\000s\000\040\000o\000f\000\040\000R\000u\000s\000t}{}% 16
\BOOKMARK [2][]{Outline0.17}{\376\377\000P\000a\000t\000t\000e\000r\000n\000s\000\040\000a\000n\000d\000\040\000M\000a\000t\000c\000h\000i\000n\000g}{}% 17
\BOOKMARK [2][]{Outline0.18}{\376\377\000A\000d\000v\000a\000n\000c\000e\000d\000\040\000F\000e\000a\000t\000u\000r\000e\000s}{}% 18
\BOOKMARK [2][]{Outline0.19}{\376\377\000M\000u\000l\000t\000i\000t\000h\000r\000e\000a\000d\000\040\000W\000e\000b\000\040\000S\000e\000r\000v\000e\000r}{}% 19
\BOOKMARK [2][]{Outline0.20}{\376\377\000T\000o\000k\000i\000o}{}% 20
\BOOKMARK [2][]{Outline0.21}{\376\377\000A\000c\000k\000n\000o\000w\000l\000e\000d\000g\000e\000m\000e\000n\000t}{}% 21
